2025-11-02 21:49:04 [INFO]: Starting database seeding... {"service":"phoenix-industries"}
2025-11-02 21:49:04 [INFO]: Clearing existing data... {"service":"phoenix-industries"}
2025-11-02 21:49:04 [INFO]: Creating admin user... {"service":"phoenix-industries"}
2025-11-02 21:49:10 [INFO]: Admin user created: admin {"service":"phoenix-industries"}
2025-11-02 21:49:10 [INFO]: Creating military user... {"service":"phoenix-industries"}
2025-11-02 21:49:13 [INFO]: Military user created: military {"service":"phoenix-industries"}
2025-11-02 21:49:13 [INFO]: Creating researcher user... {"service":"phoenix-industries"}
2025-11-02 21:49:16 [INFO]: Researcher user created: researcher {"service":"phoenix-industries"}
2025-11-02 21:49:16 [INFO]: Creating military-researcher user... {"service":"phoenix-industries"}
2025-11-02 21:49:20 [INFO]: Military-researcher user created: hybrid {"service":"phoenix-industries"}
2025-11-02 21:49:20 [INFO]: Creating file system structure... {"service":"phoenix-industries"}
2025-11-02 21:49:20 [INFO]: Database seeding completed successfully! {"service":"phoenix-industries"}
2025-11-02 21:49:20 [INFO]: Default users created: {"service":"phoenix-industries"}
2025-11-02 21:49:20 [INFO]:   - Username: admin, Password: admin123, Access: ADMIN {"service":"phoenix-industries"}
2025-11-02 21:49:20 [INFO]:   - Username: military, Password: military123, Access: MILITARY {"service":"phoenix-industries"}
2025-11-02 21:49:20 [INFO]:   - Username: researcher, Password: researcher123, Access: RESEARCHER {"service":"phoenix-industries"}
2025-11-02 21:49:20 [INFO]:   - Username: hybrid, Password: hybrid123, Access: MILITARYRESEARCHER {"service":"phoenix-industries"}
2025-11-02 21:54:55 [INFO]: Phoenix Industries server running on port 3000 {"service":"phoenix-industries"}
2025-11-02 21:54:55 [INFO]: Environment: development {"service":"phoenix-industries"}
2025-11-02 21:54:55 [INFO]: CORS origin: http://localhost:8000 {"service":"phoenix-industries"}
2025-11-02 21:55:01 [WARN]: [SECURITY] Suspicious request detected {"service":"phoenix-industries","ip":"::1","userAgent":"curl/8.14.1","method":"GET","url":"/health","headers":{"host":"localhost:3000","user-agent":"curl/8.14.1","accept":"*/*"}}
2025-11-02 21:55:01 [INFO]: [API] GET /health {"service":"phoenix-industries","ip":"::1","userAgent":"curl/8.14.1"}
2025-11-02 21:55:01 [INFO]: [API] GET /health - 200 {"service":"phoenix-industries","ip":"::1","duration":"3ms","contentLength":"103"}
